<?xml version="1.0" encoding="UTF-8"?>
<!-- Generated by org.testng.reporters.JUnitReportReporter -->
<testsuite skipped="0" hostname="LAPTOP-5TUP006J" name="com.Hotels.test.hotels_app.AutomationHotelTest" tests="2" failures="0" timestamp="19 Jun 2017 00:27:51 GMT" time="428.220" errors="0">
  <testcase name="testApp" time="167.506" classname="com.Hotels.test.hotels_app.AutomationHotelTest"/>
  <testcase name="testApp" time="260.714" classname="com.Hotels.test.hotels_app.AutomationHotelTest"/>
</testsuite> <!-- com.Hotels.test.hotels_app.AutomationHotelTest -->
